[debug] [2026-06-10T09:00:22.443Z] ----------------------------------------------------------------------
[debug] [2026-06-10T09:00:22.448Z] Command:       /usr/local/bin/node /usr/local/bin/firebase init
[debug] [2026-06-10T09:00:22.448Z] CLI Version:   15.19.1
[debug] [2026-06-10T09:00:22.448Z] Platform:      darwin
[debug] [2026-06-10T09:00:22.448Z] Node Version:  v24.15.0
[debug] [2026-06-10T09:00:22.448Z] Time:          Wed Jun 10 2026 14:30:22 GMT+0530 (India Standard Time)
[debug] [2026-06-10T09:00:22.448Z] ----------------------------------------------------------------------
[debug] 
[info] 
     ######## #### ########  ######## ########     ###     ######  ########
     ##        ##  ##     ## ##       ##     ##  ##   ##  ##       ##
     ######    ##  ########  ######   ########  #########  ######  ######
     ##        ##  ##    ##  ##       ##     ## ##     ##       ## ##
     ##       #### ##     ## ######## ########  ##     ##  ######  ########

You're about to initialize a Firebase project in this directory:

  /Users/vaibhavreddy/codestorm

Before we get started, keep in mind:

  * You are initializing within an existing Firebase project directory

[info] 
=== Project Setup
[info] 
[info] First, let's associate this project directory with a Firebase project.
[info] You can create multiple project aliases by running firebase use --add, 
[info] 
[debug] [2026-06-10T09:12:22.893Z] > command requires scopes: ["email","openid","https://www.googleapis.com/auth/cloudplatformprojects.readonly","https://www.googleapis.com/auth/firebase","https://www.googleapis.com/auth/cloud-platform"]
[debug] [2026-06-10T09:12:22.895Z] > authorizing via signed-in user (vaibhav3538reddy@gmail.com)
[debug] [2026-06-10T09:12:22.899Z] Checked if tokens are valid: true, expires at: 1781085554044
[debug] [2026-06-10T09:12:22.899Z] Checked if tokens are valid: true, expires at: 1781085554044
[debug] [2026-06-10T09:12:22.901Z] >>> [apiv2][query] GET https://firebase.googleapis.com/v1beta1/projects/codestorm-default-placeholder [none]
[debug] [2026-06-10T09:12:23.800Z] <<< [apiv2][status] GET https://firebase.googleapis.com/v1beta1/projects/codestorm-default-placeholder 403
[debug] [2026-06-10T09:12:23.800Z] <<< [apiv2][body] GET https://firebase.googleapis.com/v1beta1/projects/codestorm-default-placeholder {"error":{"code":403,"message":"The caller does not have permission","status":"PERMISSION_DENIED"}}
[debug] [2026-06-10T09:12:23.802Z] Request to https://firebase.googleapis.com/v1beta1/projects/codestorm-default-placeholder had HTTP Error: 403, The caller does not have permission
[debug] [2026-06-10T09:12:24.189Z] FirebaseError: Request to https://firebase.googleapis.com/v1beta1/projects/codestorm-default-placeholder had HTTP Error: 403, The caller does not have permission
    at responseToError (/usr/local/lib/node_modules/firebase-tools/lib/responseToError.js:53:12)
    at RetryOperation._fn (/usr/local/lib/node_modules/firebase-tools/lib/apiv2.js:333:77)
    at process.processTicksAndRejections (node:internal/process/task_queues:104:5)
[error] 
[error] Error: Failed to get Firebase project codestorm-default-placeholder. Please make sure the project exists and your account has permission to access it.
